#
# There is insufficient memory for the Java Runtime Environment to continue.
# Native memory allocation (malloc) failed to allocate 1486480 bytes for Chunk::new
# Possible reasons:
#   The system is out of physical RAM or swap space
#   In 32 bit mode, the process size limit was hit
# Possible solutions:
#   Reduce memory load on the system
#   Increase physical memory or swap space
#   Check if swap backing store is full
#   Use 64 bit Java on a 64 bit OS
#   Decrease Java heap size (-Xmx/-Xms)
#   Decrease number of Java threads
#   Decrease Java thread stack sizes (-Xss)
#   Set larger code cache with -XX:ReservedCodeCacheSize=
# This output file may be truncated or incomplete.
#
#  Out of Memory Error (allocation.cpp:390), pid=13988, tid=9528
#
# JRE version: Java(TM) SE Runtime Environment (8.0_74-b02) (build 1.8.0_74-b02)
# Java VM: Java HotSpot(TM) 64-Bit Server VM (25.74-b02 mixed mode windows-amd64 compressed oops)
# Failed to write core dump. Minidumps are not enabled by default on client versions of Windows
#

---------------  T H R E A D  ---------------

Current thread (0x0000000018eac800):  JavaThread "C2 CompilerThread0" daemon [_thread_in_native, id=9528, stack(0x0000000019580000,0x0000000019680000)]

Stack: [0x0000000019580000,0x0000000019680000]
[error occurred during error reporting (printing stack bounds), id 0xc0000005]

Native frames: (J=compiled Java code, j=interpreted, Vv=VM code, C=native code)


Current CompileTask:
C2:   9836 3765   !   4       java.net.URLClassLoader$1::run (63 bytes)


---------------  P R O C E S S  ---------------

Java Threads: ( => current thread )
  0x0000000018f41000 JavaThread "Service Thread" daemon [_thread_blocked, id=17168, stack(0x0000000019880000,0x0000000019980000)]
  0x0000000018f14800 JavaThread "C1 CompilerThread2" daemon [_thread_blocked, id=14104, stack(0x0000000019780000,0x0000000019880000)]
  0x0000000018eb3000 JavaThread "C2 CompilerThread1" daemon [_thread_in_native, id=17120, stack(0x0000000019680000,0x0000000019780000)]
=>0x0000000018eac800 JavaThread "C2 CompilerThread0" daemon [_thread_in_native, id=9528, stack(0x0000000019580000,0x0000000019680000)]
  0x0000000018ea9800 JavaThread "Monitor Ctrl-Break" daemon [_thread_in_native, id=120, stack(0x0000000019480000,0x0000000019580000)]
  0x0000000017b2f000 JavaThread "Attach Listener" daemon [_thread_blocked, id=19020, stack(0x0000000019380000,0x0000000019480000)]
  0x0000000017b19800 JavaThread "Signal Dispatcher" daemon [_thread_blocked, id=14432, stack(0x0000000019280000,0x0000000019380000)]
  0x00000000031bb000 JavaThread "Finalizer" daemon [_thread_blocked, id=16008, stack(0x0000000018d80000,0x0000000018e80000)]
  0x00000000031b0000 JavaThread "Reference Handler" daemon [_thread_blocked, id=14544, stack(0x0000000018c80000,0x0000000018d80000)]
  0x0000000000c2e800 JavaThread "main" [_thread_in_Java, id=11856, stack(0x00000000029e0000,0x0000000002ae0000)]

Other Threads:
  0x0000000017ae8000 VMThread [stack: 0x0000000018b80000,0x0000000018c80000] [id=10700]
  0x0000000018f48000 WatcherThread [stack: 0x0000000019980000,0x0000000019a80000] [id=16916]

VM state:not at safepoint (normal execution)

VM Mutex/Monitor currently owned by a thread: None

Heap:
 PSYoungGen      total 73728K, used 46339K [0x00000000d6f00000, 0x00000000e0000000, 0x0000000100000000)
  eden space 63488K, 72% used [0x00000000d6f00000,0x00000000d9c40da8,0x00000000dad00000)
  from space 10240K, 0% used [0x00000000dad00000,0x00000000dad00000,0x00000000db700000)
  to   space 10752K, 0% used [0x00000000df580000,0x00000000df580000,0x00000000e0000000)
 ParOldGen       total 67072K, used 15143K [0x0000000084c00000, 0x0000000088d80000, 0x00000000d6f00000)
  object space 67072K, 22% used [0x0000000084c00000,0x0000000085ac9d90,0x0000000088d80000)
 Metaspace       used 22605K, capacity 23260K, committed 23296K, reserved 1069056K
  class space    used 2631K, capacity 2786K, committed 2816K, reserved 1048576K

Card table byte_map: [0x0000000012580000,0x0000000012960000] byte_map_base: 0x000000001215a000

Marking Bits: (ParMarkBitMap*) 0x0000000071560600
 Begin Bits: [0x0000000013000000, 0x0000000014ed0000)
 End Bits:   [0x0000000014ed0000, 0x0000000016da0000)

Polling page: 0x0000000000c70000

CodeCache: size=245760Kb used=12240Kb max_used=13256Kb free=233519Kb
 bounds [0x00000000031c0000, 0x0000000003ec0000, 0x00000000121c0000]
 total_blobs=3956 nmethods=3549 adapters=319
 compilation: enabled

Compilation events (10 events):
Event: 9.413 Thread 0x0000000018f14800 3928       3       java.util.zip.ZipInputStream::getNextEntry (74 bytes)
Event: 9.414 Thread 0x0000000018f14800 nmethod 3928 0x00000000032eca90 code [0x00000000032ecc80, 0x00000000032ed468]
Event: 9.414 Thread 0x0000000018f14800 3929       3       java.util.zip.CRC32::reset (6 bytes)
Event: 9.414 Thread 0x0000000018f14800 nmethod 3929 0x0000000003731250 code [0x00000000037313a0, 0x00000000037314f0]
Event: 9.414 Thread 0x0000000018f14800 3930   !   3       java.util.zip.ZipInputStream::readLOC (315 bytes)
Event: 9.416 Thread 0x0000000018f14800 nmethod 3930 0x00000000038c20d0 code [0x00000000038c24c0, 0x00000000038c4688]
Event: 9.420 Thread 0x0000000018f14800 3931       3       java.util.zip.ZipCoder::toStringUTF8 (45 bytes)
Event: 9.421 Thread 0x0000000018f14800 nmethod 3931 0x000000000376df50 code [0x000000000376e100, 0x000000000376e7a8]
Event: 9.421 Thread 0x0000000018f14800 3932       3       java.util.zip.ZipEntry::<init> (74 bytes)
Event: 9.421 Thread 0x0000000018f14800 nmethod 3932 0x000000000376d610 code [0x000000000376d7c0, 0x000000000376dd18]

GC Heap History (10 events):
Event: 4.441 GC heap before
{Heap before GC invocations=4 (full 0):
 PSYoungGen      total 36864K, used 36843K [0x00000000d6f00000, 0x00000000d9800000, 0x0000000100000000)
  eden space 31744K, 100% used [0x00000000d6f00000,0x00000000d8e00000,0x00000000d8e00000)
  from space 5120K, 99% used [0x00000000d8e00000,0x00000000d92facd8,0x00000000d9300000)
  to   space 5120K, 0% used [0x00000000d9300000,0x00000000d9300000,0x00000000d9800000)
 ParOldGen       total 84992K, used 2914K [0x0000000084c00000, 0x0000000089f00000, 0x00000000d6f00000)
  object space 84992K, 3% used [0x0000000084c00000,0x0000000084ed8978,0x0000000089f00000)
 Metaspace       used 15859K, capacity 16168K, committed 16384K, reserved 1062912K
  class space    used 1894K, capacity 1979K, committed 2048K, reserved 1048576K
Event: 4.450 GC heap after
Heap after GC invocations=4 (full 0):
 PSYoungGen      total 36864K, used 5112K [0x00000000d6f00000, 0x00000000d9800000, 0x0000000100000000)
  eden space 31744K, 0% used [0x00000000d6f00000,0x00000000d6f00000,0x00000000d8e00000)
  from space 5120K, 99% used [0x00000000d9300000,0x00000000d97fe050,0x00000000d9800000)
  to   space 5120K, 0% used [0x00000000d8e00000,0x00000000d8e00000,0x00000000d9300000)
 ParOldGen       total 84992K, used 5202K [0x0000000084c00000, 0x0000000089f00000, 0x00000000d6f00000)
  object space 84992K, 6% used [0x0000000084c00000,0x0000000085114850,0x0000000089f00000)
 Metaspace       used 15859K, capacity 16168K, committed 16384K, reserved 1062912K
  class space    used 1894K, capacity 1979K, committed 2048K, reserved 1048576K
}
Event: 5.210 GC heap before
{Heap before GC invocations=5 (full 0):
 PSYoungGen      total 36864K, used 36856K [0x00000000d6f00000, 0x00000000d9800000, 0x0000000100000000)
  eden space 31744K, 100% used [0x00000000d6f00000,0x00000000d8e00000,0x00000000d8e00000)
  from space 5120K, 99% used [0x00000000d9300000,0x00000000d97fe050,0x00000000d9800000)
  to   space 5120K, 0% used [0x00000000d8e00000,0x00000000d8e00000,0x00000000d9300000)
 ParOldGen       total 84992K, used 5202K [0x0000000084c00000, 0x0000000089f00000, 0x00000000d6f00000)
  object space 84992K, 6% used [0x0000000084c00000,0x0000000085114850,0x0000000089f00000)
 Metaspace       used 16366K, capacity 16648K, committed 16896K, reserved 1064960K
  class space    used 1915K, capacity 2011K, committed 2048K, reserved 1048576K
Event: 5.224 GC heap after
Heap after GC invocations=5 (full 0):
 PSYoungGen      total 36864K, used 5096K [0x00000000d6f00000, 0x00000000dc100000, 0x0000000100000000)
  eden space 31744K, 0% used [0x00000000d6f00000,0x00000000d6f00000,0x00000000d8e00000)
  from space 5120K, 99% used [0x00000000d8e00000,0x00000000d92fa020,0x00000000d9300000)
  to   space 10240K, 0% used [0x00000000db700000,0x00000000db700000,0x00000000dc100000)
 ParOldGen       total 84992K, used 9656K [0x0000000084c00000, 0x0000000089f00000, 0x00000000d6f00000)
  object space 84992K, 11% used [0x0000000084c00000,0x000000008556e058,0x0000000089f00000)
 Metaspace       used 16366K, capacity 16648K, committed 16896K, reserved 1064960K
  class space    used 1915K, capacity 2011K, committed 2048K, reserved 1048576K
}
Event: 6.423 GC heap before
{Heap before GC invocations=6 (full 0):
 PSYoungGen      total 36864K, used 36840K [0x00000000d6f00000, 0x00000000dc100000, 0x0000000100000000)
  eden space 31744K, 100% used [0x00000000d6f00000,0x00000000d8e00000,0x00000000d8e00000)
  from space 5120K, 99% used [0x00000000d8e00000,0x00000000d92fa020,0x00000000d9300000)
  to   space 10240K, 0% used [0x00000000db700000,0x00000000db700000,0x00000000dc100000)
 ParOldGen       total 84992K, used 9656K [0x0000000084c00000, 0x0000000089f00000, 0x00000000d6f00000)
  object space 84992K, 11% used [0x0000000084c00000,0x000000008556e058,0x0000000089f00000)
 Metaspace       used 17095K, capacity 17514K, committed 17792K, reserved 1064960K
  class space    used 1995K, capacity 2084K, committed 2176K, reserved 1048576K
Event: 6.447 GC heap after
Heap after GC invocations=6 (full 0):
 PSYoungGen      total 73728K, used 7534K [0x00000000d6f00000, 0x00000000dc100000, 0x0000000100000000)
  eden space 63488K, 0% used [0x00000000d6f00000,0x00000000d6f00000,0x00000000dad00000)
  from space 10240K, 73% used [0x00000000db700000,0x00000000dbe5b8e8,0x00000000dc100000)
  to   space 10240K, 0% used [0x00000000dad00000,0x00000000dad00000,0x00000000db700000)
 ParOldGen       total 84992K, used 9656K [0x0000000084c00000, 0x0000000089f00000, 0x00000000d6f00000)
  object space 84992K, 11% used [0x0000000084c00000,0x000000008556e058,0x0000000089f00000)
 Metaspace       used 17095K, capacity 17514K, committed 17792K, reserved 1064960K
  class space    used 1995K, capacity 2084K, committed 2176K, reserved 1048576K
}
Event: 8.588 GC heap before
{Heap before GC invocations=7 (full 0):
 PSYoungGen      total 73728K, used 62321K [0x00000000d6f00000, 0x00000000dc100000, 0x0000000100000000)
  eden space 63488K, 86% used [0x00000000d6f00000,0x00000000da480c60,0x00000000dad00000)
  from space 10240K, 73% used [0x00000000db700000,0x00000000dbe5b8e8,0x00000000dc100000)
  to   space 10240K, 0% used [0x00000000dad00000,0x00000000dad00000,0x00000000db700000)
 ParOldGen       total 84992K, used 9656K [0x0000000084c00000, 0x0000000089f00000, 0x00000000d6f00000)
  object space 84992K, 11% used [0x0000000084c00000,0x000000008556e058,0x0000000089f00000)
 Metaspace       used 20664K, capacity 21222K, committed 21248K, reserved 1069056K
  class space    used 2437K, capacity 2556K, committed 2560K, reserved 1048576K
Event: 8.606 GC heap after
Heap after GC invocations=7 (full 0):
 PSYoungGen      total 73728K, used 8981K [0x00000000d6f00000, 0x00000000e0000000, 0x0000000100000000)
  eden space 63488K, 0% used [0x00000000d6f00000,0x00000000d6f00000,0x00000000dad00000)
  from space 10240K, 87% used [0x00000000dad00000,0x00000000db5c5698,0x00000000db700000)
  to   space 10752K, 0% used [0x00000000df580000,0x00000000df580000,0x00000000e0000000)
 ParOldGen       total 84992K, used 10772K [0x0000000084c00000, 0x0000000089f00000, 0x00000000d6f00000)
  object space 84992K, 12% used [0x0000000084c00000,0x0000000085685108,0x0000000089f00000)
 Metaspace       used 20664K, capacity 21222K, committed 21248K, reserved 1069056K
  class space    used 2437K, capacity 2556K, committed 2560K, reserved 1048576K
}
Event: 8.606 GC heap before
{Heap before GC invocations=8 (full 1):
 PSYoungGen      total 73728K, used 8981K [0x00000000d6f00000, 0x00000000e0000000, 0x0000000100000000)
  eden space 63488K, 0% used [0x00000000d6f00000,0x00000000d6f00000,0x00000000dad00000)
  from space 10240K, 87% used [0x00000000dad00000,0x00000000db5c5698,0x00000000db700000)
  to   space 10752K, 0% used [0x00000000df580000,0x00000000df580000,0x00000000e0000000)
 ParOldGen       total 84992K, used 10772K [0x0000000084c00000, 0x0000000089f00000, 0x00000000d6f00000)
  object space 84992K, 12% used [0x0000000084c00000,0x0000000085685108,0x0000000089f00000)
 Metaspace       used 20664K, capacity 21222K, committed 21248K, reserved 1069056K
  class space    used 2437K, capacity 2556K, committed 2560K, reserved 1048576K
Event: 8.699 GC heap after
Heap after GC invocations=8 (full 1):
 PSYoungGen      total 73728K, used 0K [0x00000000d6f00000, 0x00000000e0000000, 0x0000000100000000)
  eden space 63488K, 0% used [0x00000000d6f00000,0x00000000d6f00000,0x00000000dad00000)
  from space 10240K, 0% used [0x00000000dad00000,0x00000000dad00000,0x00000000db700000)
  to   space 10752K, 0% used [0x00000000df580000,0x00000000df580000,0x00000000e0000000)
 ParOldGen       total 67072K, used 15143K [0x0000000084c00000, 0x0000000088d80000, 0x00000000d6f00000)
  object space 67072K, 22% used [0x0000000084c00000,0x0000000085ac9d90,0x0000000088d80000)
 Metaspace       used 20664K, capacity 21222K, committed 21248K, reserved 1069056K
  class space    used 2437K, capacity 2556K, committed 2560K, reserved 1048576K
}

Deoptimization events (10 events):
Event: 8.951 Thread 0x0000000000c2e800 Uncommon trap: reason=bimorphic action=maybe_recompile pc=0x0000000003b1e3f4 method=java.util.regex.Matcher.match(II)Z @ 86
Event: 8.951 Thread 0x0000000000c2e800 Uncommon trap: reason=unstable_if action=reinterpret pc=0x0000000003d85064 method=java.lang.CharacterDataLatin1.digit(II)I @ 60
Event: 8.953 Thread 0x0000000000c2e800 Uncommon trap: reason=unstable_if action=reinterpret pc=0x00000000038a14c4 method=java.lang.Character.isHighSurrogate(C)Z @ 3
Event: 8.955 Thread 0x0000000000c2e800 Uncommon trap: reason=unstable_if action=reinterpret pc=0x000000000376547c method=java.lang.Character.isHighSurrogate(C)Z @ 3
Event: 8.956 Thread 0x0000000000c2e800 Uncommon trap: reason=unstable_if action=reinterpret pc=0x000000000371e270 method=java.lang.Character.isHighSurrogate(C)Z @ 3
Event: 8.983 Thread 0x0000000000c2e800 Uncommon trap: reason=unstable_if action=reinterpret pc=0x0000000003e9a308 method=com.sun.tools.javac.parser.UnicodeReader.scanChar()V @ 37
Event: 9.342 Thread 0x0000000000c2e800 Uncommon trap: reason=bimorphic action=maybe_recompile pc=0x000000000363966c method=java.lang.ClassLoader.loadClass(Ljava/lang/String;Z)Ljava/lang/Class; @ 38
Event: 9.343 Thread 0x0000000000c2e800 Uncommon trap: reason=bimorphic action=maybe_recompile pc=0x000000000363966c method=java.lang.ClassLoader.loadClass(Ljava/lang/String;Z)Ljava/lang/Class; @ 38
Event: 9.344 Thread 0x0000000000c2e800 Uncommon trap: reason=bimorphic action=maybe_recompile pc=0x000000000363966c method=java.lang.ClassLoader.loadClass(Ljava/lang/String;Z)Ljava/lang/Class; @ 38
Event: 9.344 Thread 0x0000000000c2e800 Uncommon trap: reason=bimorphic action=maybe_recompile pc=0x000000000363966c method=java.lang.ClassLoader.loadClass(Ljava/lang/String;Z)Ljava/lang/Class; @ 38

Internal exceptions (10 events):
Event: 3.523 Thread 0x0000000000c2e800 Implicit null exception at 0x00000000033ac219 to 0x00000000033ac575
Event: 3.677 Thread 0x0000000000c2e800 Implicit null exception at 0x00000000037f7e2f to 0x00000000037f8071
Event: 5.176 Thread 0x0000000000c2e800 Implicit null exception at 0x0000000003991970 to 0x0000000003991ea5
Event: 5.256 Thread 0x0000000000c2e800 Implicit null exception at 0x0000000003b1a46f to 0x0000000003b1a6b1
Event: 5.259 Thread 0x0000000000c2e800 Implicit null exception at 0x0000000003ae2bc2 to 0x0000000003ae40b5
Event: 5.791 Thread 0x0000000000c2e800 Implicit null exception at 0x0000000003599b55 to 0x0000000003599d2d
Event: 6.071 Thread 0x0000000000c2e800 Implicit null exception at 0x00000000039bf1fd to 0x00000000039bf625
Event: 8.337 Thread 0x0000000000c2e800 Exception <a 'java/lang/ClassNotFoundException': com/sun/tools/javac/api/JavacTool> (0x00000000d99af618) thrown at [C:\re\workspace\8-2-build-windows-amd64-cygwin\jdk8u74\6087\hotspot\src\share\vm\classfile\systemDictionary.cpp, line 210]
Event: 9.055 Thread 0x0000000000c2e800 Exception <a 'java/io/FileNotFoundException'> (0x00000000d8209210) thrown at [C:\re\workspace\8-2-build-windows-amd64-cygwin\jdk8u74\6087\hotspot\src\share\vm\prims\jni.cpp, line 709]
Event: 9.061 Thread 0x0000000000c2e800 Exception <a 'java/io/FileNotFoundException'> (0x00000000d823f248) thrown at [C:\re\workspace\8-2-build-windows-amd64-cygwin\jdk8u74\6087\hotspot\src\share\vm\prims\jni.cpp, line 709]

Events (10 events):
Event: 9.349 loading class java/util/WeakHashMap$EntryIterator
Event: 9.349 loading class java/util/WeakHashMap$HashIterator
Event: 9.349 loading class java/util/WeakHashMap$HashIterator done
Event: 9.349 loading class java/util/WeakHashMap$EntryIterator done
Event: 9.350 loading class java/util/jar/JarFile$JarEntryIterator
Event: 9.350 loading class java/util/jar/JarFile$JarEntryIterator done
Event: 9.350 loading class java/util/zip/ZipFile$ZipEntryIterator
Event: 9.350 loading class java/util/zip/ZipFile$ZipEntryIterator done
Event: 9.399 loading class java/io/PushbackInputStream
Event: 9.399 loading class java/io/PushbackInputStream done


Dynamic libraries:
0x00007ff6c05d0000 - 0x00007ff6c0607000 	C:\Program Files\Java\jdk1.8.0_74\bin\java.exe
0x00007ffc4df50000 - 0x00007ffc4e144000 	C:\Windows\SYSTEM32\ntdll.dll
0x00007ffc4d410000 - 0x00007ffc4d4cd000 	C:\Windows\System32\KERNEL32.DLL
0x00007ffc4b9b0000 - 0x00007ffc4bc77000 	C:\Windows\System32\KERNELBASE.dll
0x00007ffc4cfa0000 - 0x00007ffc4d04a000 	C:\Windows\System32\ADVAPI32.DLL
0x00007ffc4cea0000 - 0x00007ffc4cf3e000 	C:\Windows\System32\msvcrt.dll
0x00007ffc4cce0000 - 0x00007ffc4cd7b000 	C:\Windows\System32\sechost.dll
0x00007ffc4dcf0000 - 0x00007ffc4de13000 	C:\Windows\System32\RPCRT4.dll
0x00007ffc4c860000 - 0x00007ffc4ca00000 	C:\Windows\System32\USER32.dll
0x00007ffc4b720000 - 0x00007ffc4b742000 	C:\Windows\System32\win32u.dll
0x00007ffc4ca60000 - 0x00007ffc4ca8a000 	C:\Windows\System32\GDI32.dll
0x00007ffc4bc80000 - 0x00007ffc4bd89000 	C:\Windows\System32\gdi32full.dll
0x00007ffc4be40000 - 0x00007ffc4bedd000 	C:\Windows\System32\msvcp_win.dll
0x00007ffc4b750000 - 0x00007ffc4b850000 	C:\Windows\System32\ucrtbase.dll
0x00007ffc3c8b0000 - 0x00007ffc3cb4a000 	C:\Windows\WinSxS\amd64_microsoft.windows.common-controls_6595b64144ccf1df_6.0.19041.1_none_b555e41d4684ddec\COMCTL32.dll
0x00007ffc4ce30000 - 0x00007ffc4ce60000 	C:\Windows\System32\IMM32.DLL
0x00000000715e0000 - 0x00000000716b2000 	C:\Program Files\Java\jdk1.8.0_74\jre\bin\msvcr100.dll
0x0000000070d50000 - 0x00000000715e0000 	C:\Program Files\Java\jdk1.8.0_74\jre\bin\server\jvm.dll
0x00007ffc4ce80000 - 0x00007ffc4ce88000 	C:\Windows\System32\PSAPI.DLL
0x00007ffc3dbf0000 - 0x00007ffc3dc17000 	C:\Windows\SYSTEM32\WINMM.dll
0x00007ffc45b00000 - 0x00007ffc45b09000 	C:\Windows\SYSTEM32\WSOCK32.dll
0x00007ffc39e00000 - 0x00007ffc39e0a000 	C:\Windows\SYSTEM32\VERSION.dll
0x00007ffc4d050000 - 0x00007ffc4d0bb000 	C:\Windows\System32\WS2_32.dll
0x0000000070d40000 - 0x0000000070d4f000 	C:\Program Files\Java\jdk1.8.0_74\jre\bin\verify.dll
0x0000000070d10000 - 0x0000000070d39000 	C:\Program Files\Java\jdk1.8.0_74\jre\bin\java.dll
0x0000000070c40000 - 0x0000000070c63000 	C:\Program Files\Java\jdk1.8.0_74\jre\bin\instrument.dll
0x0000000070cf0000 - 0x0000000070d06000 	C:\Program Files\Java\jdk1.8.0_74\jre\bin\zip.dll
0x00007ffc4d4d0000 - 0x00007ffc4dc01000 	C:\Windows\System32\SHELL32.dll
0x00007ffc49830000 - 0x00007ffc49fba000 	C:\Windows\SYSTEM32\windows.storage.dll
0x00007ffc4bfc0000 - 0x00007ffc4c314000 	C:\Windows\System32\combase.dll
0x00007ffc4b120000 - 0x00007ffc4b14b000 	C:\Windows\SYSTEM32\Wldp.dll
0x00007ffc4d360000 - 0x00007ffc4d40e000 	C:\Windows\System32\SHCORE.dll
0x00007ffc4cf40000 - 0x00007ffc4cf95000 	C:\Windows\System32\shlwapi.dll
0x00007ffc4b5e0000 - 0x00007ffc4b5ff000 	C:\Windows\SYSTEM32\profapi.dll
0x00007ffc273e0000 - 0x00007ffc273fa000 	C:\Program Files\JetBrains\IntelliJ IDEA 2020.3.4\bin\breakgen64.dll
0x0000000070cc0000 - 0x0000000070cda000 	C:\Program Files\Java\jdk1.8.0_74\jre\bin\net.dll
0x00007ffc4aea0000 - 0x00007ffc4af0a000 	C:\Windows\system32\mswsock.dll
0x00007ffc4b070000 - 0x00007ffc4b088000 	C:\Windows\SYSTEM32\CRYPTSP.dll
0x00007ffc4a7c0000 - 0x00007ffc4a7f4000 	C:\Windows\system32\rsaenh.dll
0x00007ffc4bee0000 - 0x00007ffc4bf07000 	C:\Windows\System32\bcrypt.dll
0x00007ffc4b5a0000 - 0x00007ffc4b5ce000 	C:\Windows\SYSTEM32\USERENV.dll
0x00007ffc4b6a0000 - 0x00007ffc4b71f000 	C:\Windows\System32\bcryptprimitives.dll
0x00007ffc4b090000 - 0x00007ffc4b09c000 	C:\Windows\SYSTEM32\CRYPTBASE.dll
0x00007ffc4ab40000 - 0x00007ffc4ab7b000 	C:\Windows\SYSTEM32\IPHLPAPI.DLL
0x00007ffc4d0c0000 - 0x00007ffc4d0c9000 	C:\Windows\System32\NSI.dll
0x00007ffc3eab0000 - 0x00007ffc3eac7000 	C:\Windows\SYSTEM32\dhcpcsvc6.DLL
0x00007ffc406e0000 - 0x00007ffc406fd000 	C:\Windows\SYSTEM32\dhcpcsvc.DLL
0x00007ffc4ab90000 - 0x00007ffc4ac5a000 	C:\Windows\SYSTEM32\DNSAPI.dll
0x0000000070ca0000 - 0x0000000070cb1000 	C:\Program Files\Java\jdk1.8.0_74\jre\bin\nio.dll
0x00007ffc44760000 - 0x00007ffc4476a000 	C:\Users\Administrator\AppData\Local\Temp\jansi-1.17.1-8753452535922898654.dll
0x00007ffc44700000 - 0x00007ffc4470a000 	C:\Users\Administrator\AppData\Local\Temp\jansi-1.17.1-94542165135327167.dll

VM Arguments:
jvm_args: -Dmaven.multiModuleProjectDirectory=D:\work02\Knowledge-Payment-System -Dmaven.home=C:\Program Files\JetBrains\IntelliJ IDEA 2020.3.4\plugins\maven\lib\maven3 -Dclassworlds.conf=C:\Program Files\JetBrains\IntelliJ IDEA 2020.3.4\plugins\maven\lib\maven3\bin\m2.conf -Dmaven.ext.class.path=C:\Program Files\JetBrains\IntelliJ IDEA 2020.3.4\plugins\maven\lib\maven-event-listener.jar -javaagent:C:\Program Files\JetBrains\IntelliJ IDEA 2020.3.4\lib\idea_rt.jar=12563:C:\Program Files\JetBrains\IntelliJ IDEA 2020.3.4\bin -Dfile.encoding=UTF-8 
java_command: org.codehaus.classworlds.Launcher -Didea.version=2020.3.4 clean package -DskipTests
java_class_path (initial): C:\Program Files\JetBrains\IntelliJ IDEA 2020.3.4\plugins\maven\lib\maven3\boot\plexus-classworlds-2.6.0.jar;C:\Program Files\JetBrains\IntelliJ IDEA 2020.3.4\plugins\maven\lib\maven3\boot\plexus-classworlds.license;C:\Program Files\JetBrains\IntelliJ IDEA 2020.3.4\lib\idea_rt.jar
Launcher Type: SUN_STANDARD

Environment Variables:
JAVA_HOME=C:\Program Files\Java\jdk1.8.0_74
PATH=C:\Program Files (x86)\VMware\VMware Workstation\bin\;C:\ProgramData\Oracle\Java\javapath;C:\Windows\system32;C:\Windows;C:\Windows\System32\Wbem;C:\Windows\System32\WindowsPowerShell\v1.0\;C:\Windows\System32\OpenSSH\;C:\Program Files\Java\jdk1.8.0_74\bin;D:\apache-maven-3.8.1-bin\apache-maven-3.8.1\bin;D:\nodejs\;D:\nodejs\node_modules;C:\Program Files\Git\cmd;C:\Program Files\erl10.4\bin;D:\Program Files\ffmpeg\bin;C:\Users\Administrator\AppData\Local\Microsoft\WindowsApps;C:\Users\Administrator\AppData\Local\Programs\Microsoft VS Code\bin;C:\Users\Administrator\AppData\Roaming\npm;D:\nodejs\node_global;C:\Users\Administrator\AppData\Local\gitkraken\bin
USERNAME=Administrator
OS=Windows_NT
PROCESSOR_IDENTIFIER=Intel64 Family 6 Model 58 Stepping 9, GenuineIntel



---------------  S Y S T E M  ---------------

OS: Windows 10.0 , 64 bit Build 19041 (10.0.19041.207)

CPU:total 4 (2 cores per cpu, 2 threads per core) family 6 model 58 stepping 9, cmov, cx8, fxsr, mmx, sse, sse2, sse3, ssse3, sse4.1, sse4.2, popcnt, avx, aes, clmul, erms, ht, tsc, tscinvbit, tscinv

Memory: 4k page, physical 8076264k(674088k free), swap 18562148k(5796k free)

vm_info: Java HotSpot(TM) 64-Bit Server VM (25.74-b02) for windows-amd64 JRE (1.8.0_74-b02), built on Jan 29 2016 17:42:36 by "java_re" with MS VC++ 10.0 (VS2010)

time: Tue Jun 21 18:12:48 2022
elapsed time: 9 seconds (0d 0h 0m 9s)

